<?xml version="1.0" encoding="UTF-8"?>
<testsuite name="de.propra.thymeleafteaenjoyers.roommate.WebControllerTest" tests="3" skipped="0" failures="0" errors="0" timestamp="2023-12-21T18:01:23" hostname="MSI" time="0.982">
  <properties/>
  <testcase name="Wenn die URL / aufgerufen wird, soll der User auf die Homepage geleitet werden" classname="de.propra.thymeleafteaenjoyers.roommate.WebControllerTest" time="0.873"/>
  <testcase name="Wenn die URL /Catalog aufgerufen wird, soll der User zum Catalog geleitet werden" classname="de.propra.thymeleafteaenjoyers.roommate.WebControllerTest" time="0.101"/>
  <testcase name="Rustam kann als ADMIN auf 'ne Ressource zugreifen." classname="de.propra.thymeleafteaenjoyers.roommate.WebControllerTest" time="0.006"/>
  <system-out><![CDATA[19:01:21.544 [Test worker] INFO org.springframework.test.context.support.AnnotationConfigContextLoaderUtils -- Could not detect default configuration classes for test class [de.propra.thymeleafteaenjoyers.roommate.WebControllerTest]: WebControllerTest does not declare any static, non-private, non-final, nested classes annotated with @Configuration.
19:01:21.656 [Test worker] INFO org.springframework.boot.test.context.SpringBootTestContextBootstrapper -- Found @SpringBootConfiguration de.propra.thymeleafteaenjoyers.roommate.RoommateApplication for test class de.propra.thymeleafteaenjoyers.roommate.WebControllerTest

  .   ____          _            __ _ _
 /\\ / ___'_ __ _ _(_)_ __  __ _ \ \ \ \
( ( )\___ | '_ | '_| | '_ \/ _` | \ \ \ \
 \\/  ___)| |_)| | | | | || (_| |  ) ) ) )
  '  |____| .__|_| |_|_| |_\__, | / / / /
 =========|_|==============|___/=/_/_/_/
 :: Spring Boot ::                (v3.2.0)

2023-12-21T19:01:22.031+01:00  INFO 10288 --- [    Test worker] d.p.t.roommate.WebControllerTest         : Starting WebControllerTest using Java 17.0.9 with PID 10288 (started by rstkr in C:\Users\rstkr\Desktop\HHU\WS24\ProPra II\app\Roommate)
2023-12-21T19:01:22.033+01:00  INFO 10288 --- [    Test worker] d.p.t.roommate.WebControllerTest         : No active profile set, falling back to 1 default profile: "default"
2023-12-21T19:01:23.105+01:00  INFO 10288 --- [    Test worker] o.s.s.web.DefaultSecurityFilterChain     : Will secure any request with [org.springframework.security.web.session.DisableEncodeUrlFilter@c1e14f, org.springframework.security.web.context.request.async.WebAsyncManagerIntegrationFilter@226de93c, org.springframework.security.web.context.SecurityContextHolderFilter@40bf4386, org.springframework.security.web.header.HeaderWriterFilter@4c731956, org.springframework.web.filter.CorsFilter@72028a45, org.springframework.security.web.csrf.CsrfFilter@59845579, org.springframework.security.web.authentication.logout.LogoutFilter@5ed5b321, org.springframework.security.oauth2.client.web.OAuth2AuthorizationRequestRedirectFilter@1d3c112a, org.springframework.security.oauth2.client.web.OAuth2LoginAuthenticationFilter@4dfdfe7d, org.springframework.security.web.authentication.ui.DefaultLoginPageGeneratingFilter@5f726750, org.springframework.security.web.authentication.ui.DefaultLogoutPageGeneratingFilter@74667e6a, org.springframework.security.web.savedrequest.RequestCacheAwareFilter@51c65a43, org.springframework.security.web.servletapi.SecurityContextHolderAwareRequestFilter@740dcae3, org.springframework.security.web.authentication.AnonymousAuthenticationFilter@7b222230, org.springframework.security.web.access.ExceptionTranslationFilter@5b35c7d, org.springframework.security.web.access.intercept.AuthorizationFilter@5f025000]
2023-12-21T19:01:23.303+01:00  INFO 10288 --- [    Test worker] o.s.b.t.m.w.SpringBootMockServletContext : Initializing Spring TestDispatcherServlet ''
2023-12-21T19:01:23.303+01:00  INFO 10288 --- [    Test worker] o.s.t.web.servlet.TestDispatcherServlet  : Initializing Servlet ''
2023-12-21T19:01:23.304+01:00  INFO 10288 --- [    Test worker] o.s.t.web.servlet.TestDispatcherServlet  : Completed initialization in 1 ms
2023-12-21T19:01:23.335+01:00  INFO 10288 --- [    Test worker] d.p.t.roommate.WebControllerTest         : Started WebControllerTest in 1.605 seconds (process running for 2.6)
2023-12-21T19:01:24.031+01:00  WARN 10288 --- [    Test worker] o.s.w.s.h.HandlerMappingIntrospector     : Cache miss for REQUEST dispatch to '/' (previous null). Performing CorsConfiguration lookup. This is logged once only at WARN level, and every time at TRACE.
]]></system-out>
  <system-err><![CDATA[]]></system-err>
</testsuite>
